{
  "uid" : "3615a6d8c217cabe",
  "name" : "test_1hv2rlzq81s8i_browseFeaturedPlaylists",
  "fullName" : "spotify_browseFeaturedPlaylists.Spotify_browseFeaturedPlaylists_1646637616576.test_1hv2rlzq81s8i_browseFeaturedPlaylists",
  "historyId" : "ddacbc7f8f4a8578783c61291b541b58",
  "time" : {
    "start" : 1646637621688,
    "stop" : 1646637621891,
    "duration" : 203
  },
  "status" : "failed",
  "statusMessage" : "OAS disconformity: [Path '/playlists/items/[item]'] Object instance has properties which are not allowed by the schema: [\"description\";\"primary_color\"] --- [Path '/playlists/items/[item]/images/[item]/height'] Instance type (null) does not match any allowed primitive type (allowed: [\"integer\"]) --- [Path '/playlists/items/[item]/images/[item]/width'] Instance type (null) does not match any allowed primitive type (allowed: [\"integer\"]) --- [Path '/playlists/items/[item]/owner'] Object instance has properties which are not allowed by the schema: [\"display_name\"] --- [Path '/playlists/items/[item]/public'] Instance type (null) does not match any allowed primitive type (allowed: [\"boolean\"]) --- [Path '/playlists/next'] Instance type (null) does not match any allowed primitive type (allowed: [\"string\"]) --- [Path '/playlists/previous'] Instance type (null) does not match any allowed primitive type (allowed: [\"string\"])",
  "statusTrace" : "java.lang.AssertionError: OAS disconformity: [Path '/playlists/items/[item]'] Object instance has properties which are not allowed by the schema: [\"description\";\"primary_color\"] --- [Path '/playlists/items/[item]/images/[item]/height'] Instance type (null) does not match any allowed primitive type (allowed: [\"integer\"]) --- [Path '/playlists/items/[item]/images/[item]/width'] Instance type (null) does not match any allowed primitive type (allowed: [\"integer\"]) --- [Path '/playlists/items/[item]/owner'] Object instance has properties which are not allowed by the schema: [\"display_name\"] --- [Path '/playlists/items/[item]/public'] Instance type (null) does not match any allowed primitive type (allowed: [\"boolean\"]) --- [Path '/playlists/next'] Instance type (null) does not match any allowed primitive type (allowed: [\"string\"]) --- [Path '/playlists/previous'] Instance type (null) does not match any allowed primitive type (allowed: [\"string\"])\n\tat org.junit.Assert.fail(Assert.java:89)\n\tat spotify_browseFeaturedPlaylists.Spotify_browseFeaturedPlaylists_1646637616576.test_1hv2rlzq81s8i_browseFeaturedPlaylists(Spotify_browseFeaturedPlaylists_1646637616576.java:415)\n\tat java.base/jdk.internal.reflect.NativeMethodAccessorImpl.invoke0(Native Method)\n\tat java.base/jdk.internal.reflect.NativeMethodAccessorImpl.invoke(NativeMethodAccessorImpl.java:77)\n\tat java.base/jdk.internal.reflect.DelegatingMethodAccessorImpl.invoke(DelegatingMethodAccessorImpl.java:43)\n\tat java.base/java.lang.reflect.Method.invoke(Method.java:568)\n\tat org.junit.runners.model.FrameworkMethod$1.runReflectiveCall(FrameworkMethod.java:59)\n\tat org.junit.internal.runners.model.ReflectiveCallable.run(ReflectiveCallable.java:12)\n\tat org.junit.runners.model.FrameworkMethod.invokeExplosively(FrameworkMethod.java:56)\n\tat org.junit.internal.runners.statements.InvokeMethod.evaluate(InvokeMethod.java:17)\n\tat org.junit.runners.ParentRunner$3.evaluate(ParentRunner.java:306)\n\tat org.junit.runners.BlockJUnit4ClassRunner$1.evaluate(BlockJUnit4ClassRunner.java:100)\n\tat org.junit.runners.ParentRunner.runLeaf(ParentRunner.java:366)\n\tat org.junit.runners.BlockJUnit4ClassRunner.runChild(BlockJUnit4ClassRunner.java:103)\n\tat org.junit.runners.BlockJUnit4ClassRunner.runChild(BlockJUnit4ClassRunner.java:63)\n\tat org.junit.runners.ParentRunner$4.run(ParentRunner.java:331)\n\tat org.junit.runners.ParentRunner$1.schedule(ParentRunner.java:79)\n\tat org.junit.runners.ParentRunner.runChildren(ParentRunner.java:329)\n\tat org.junit.runners.ParentRunner.access$100(ParentRunner.java:66)\n\tat org.junit.runners.ParentRunner$2.evaluate(ParentRunner.java:293)\n\tat org.junit.internal.runners.statements.RunBefores.evaluate(RunBefores.java:26)\n\tat org.junit.runners.ParentRunner$3.evaluate(ParentRunner.java:306)\n\tat org.junit.runners.ParentRunner.run(ParentRunner.java:413)\n\tat org.junit.runners.Suite.runChild(Suite.java:128)\n\tat org.junit.runners.Suite.runChild(Suite.java:27)\n\tat org.junit.runners.ParentRunner$4.run(ParentRunner.java:331)\n\tat org.junit.runners.ParentRunner$1.schedule(ParentRunner.java:79)\n\tat org.junit.runners.ParentRunner.runChildren(ParentRunner.java:329)\n\tat org.junit.runners.ParentRunner.access$100(ParentRunner.java:66)\n\tat org.junit.runners.ParentRunner$2.evaluate(ParentRunner.java:293)\n\tat org.junit.runners.ParentRunner$3.evaluate(ParentRunner.java:306)\n\tat org.junit.runners.ParentRunner.run(ParentRunner.java:413)\n\tat org.junit.runner.JUnitCore.run(JUnitCore.java:137)\n\tat org.junit.runner.JUnitCore.run(JUnitCore.java:115)\n\tat org.junit.runner.JUnitCore.run(JUnitCore.java:105)\n\tat org.junit.runner.JUnitCore.run(JUnitCore.java:94)\n\tat es.us.isa.restest.runners.RESTestRunner.testExecution(RESTestRunner.java:127)\n\tat es.us.isa.restest.runners.RESTestRunner.run(RESTestRunner.java:72)\n\tat es.us.isa.restest.main.TestGenerationAndExecution.main(TestGenerationAndExecution.java:148)\n",
  "flaky" : false,
  "newFailed" : false,
  "beforeStages" : [ ],
  "testStage" : {
    "status" : "failed",
    "statusMessage" : "OAS disconformity: [Path '/playlists/items/[item]'] Object instance has properties which are not allowed by the schema: [\"description\";\"primary_color\"] --- [Path '/playlists/items/[item]/images/[item]/height'] Instance type (null) does not match any allowed primitive type (allowed: [\"integer\"]) --- [Path '/playlists/items/[item]/images/[item]/width'] Instance type (null) does not match any allowed primitive type (allowed: [\"integer\"]) --- [Path '/playlists/items/[item]/owner'] Object instance has properties which are not allowed by the schema: [\"display_name\"] --- [Path '/playlists/items/[item]/public'] Instance type (null) does not match any allowed primitive type (allowed: [\"boolean\"]) --- [Path '/playlists/next'] Instance type (null) does not match any allowed primitive type (allowed: [\"string\"]) --- [Path '/playlists/previous'] Instance type (null) does not match any allowed primitive type (allowed: [\"string\"])",
    "statusTrace" : "java.lang.AssertionError: OAS disconformity: [Path '/playlists/items/[item]'] Object instance has properties which are not allowed by the schema: [\"description\";\"primary_color\"] --- [Path '/playlists/items/[item]/images/[item]/height'] Instance type (null) does not match any allowed primitive type (allowed: [\"integer\"]) --- [Path '/playlists/items/[item]/images/[item]/width'] Instance type (null) does not match any allowed primitive type (allowed: [\"integer\"]) --- [Path '/playlists/items/[item]/owner'] Object instance has properties which are not allowed by the schema: [\"display_name\"] --- [Path '/playlists/items/[item]/public'] Instance type (null) does not match any allowed primitive type (allowed: [\"boolean\"]) --- [Path '/playlists/next'] Instance type (null) does not match any allowed primitive type (allowed: [\"string\"]) --- [Path '/playlists/previous'] Instance type (null) does not match any allowed primitive type (allowed: [\"string\"])\n\tat org.junit.Assert.fail(Assert.java:89)\n\tat spotify_browseFeaturedPlaylists.Spotify_browseFeaturedPlaylists_1646637616576.test_1hv2rlzq81s8i_browseFeaturedPlaylists(Spotify_browseFeaturedPlaylists_1646637616576.java:415)\n\tat java.base/jdk.internal.reflect.NativeMethodAccessorImpl.invoke0(Native Method)\n\tat java.base/jdk.internal.reflect.NativeMethodAccessorImpl.invoke(NativeMethodAccessorImpl.java:77)\n\tat java.base/jdk.internal.reflect.DelegatingMethodAccessorImpl.invoke(DelegatingMethodAccessorImpl.java:43)\n\tat java.base/java.lang.reflect.Method.invoke(Method.java:568)\n\tat org.junit.runners.model.FrameworkMethod$1.runReflectiveCall(FrameworkMethod.java:59)\n\tat org.junit.internal.runners.model.ReflectiveCallable.run(ReflectiveCallable.java:12)\n\tat org.junit.runners.model.FrameworkMethod.invokeExplosively(FrameworkMethod.java:56)\n\tat org.junit.internal.runners.statements.InvokeMethod.evaluate(InvokeMethod.java:17)\n\tat org.junit.runners.ParentRunner$3.evaluate(ParentRunner.java:306)\n\tat org.junit.runners.BlockJUnit4ClassRunner$1.evaluate(BlockJUnit4ClassRunner.java:100)\n\tat org.junit.runners.ParentRunner.runLeaf(ParentRunner.java:366)\n\tat org.junit.runners.BlockJUnit4ClassRunner.runChild(BlockJUnit4ClassRunner.java:103)\n\tat org.junit.runners.BlockJUnit4ClassRunner.runChild(BlockJUnit4ClassRunner.java:63)\n\tat org.junit.runners.ParentRunner$4.run(ParentRunner.java:331)\n\tat org.junit.runners.ParentRunner$1.schedule(ParentRunner.java:79)\n\tat org.junit.runners.ParentRunner.runChildren(ParentRunner.java:329)\n\tat org.junit.runners.ParentRunner.access$100(ParentRunner.java:66)\n\tat org.junit.runners.ParentRunner$2.evaluate(ParentRunner.java:293)\n\tat org.junit.internal.runners.statements.RunBefores.evaluate(RunBefores.java:26)\n\tat org.junit.runners.ParentRunner$3.evaluate(ParentRunner.java:306)\n\tat org.junit.runners.ParentRunner.run(ParentRunner.java:413)\n\tat org.junit.runners.Suite.runChild(Suite.java:128)\n\tat org.junit.runners.Suite.runChild(Suite.java:27)\n\tat org.junit.runners.ParentRunner$4.run(ParentRunner.java:331)\n\tat org.junit.runners.ParentRunner$1.schedule(ParentRunner.java:79)\n\tat org.junit.runners.ParentRunner.runChildren(ParentRunner.java:329)\n\tat org.junit.runners.ParentRunner.access$100(ParentRunner.java:66)\n\tat org.junit.runners.ParentRunner$2.evaluate(ParentRunner.java:293)\n\tat org.junit.runners.ParentRunner$3.evaluate(ParentRunner.java:306)\n\tat org.junit.runners.ParentRunner.run(ParentRunner.java:413)\n\tat org.junit.runner.JUnitCore.run(JUnitCore.java:137)\n\tat org.junit.runner.JUnitCore.run(JUnitCore.java:115)\n\tat org.junit.runner.JUnitCore.run(JUnitCore.java:105)\n\tat org.junit.runner.JUnitCore.run(JUnitCore.java:94)\n\tat es.us.isa.restest.runners.RESTestRunner.testExecution(RESTestRunner.java:127)\n\tat es.us.isa.restest.runners.RESTestRunner.run(RESTestRunner.java:72)\n\tat es.us.isa.restest.main.TestGenerationAndExecution.main(TestGenerationAndExecution.java:148)\n",
    "steps" : [ ],
    "attachments" : [ {
      "uid" : "49b4785613ca09da",
      "name" : "Request",
      "source" : "49b4785613ca09da.html",
      "type" : "text/html",
      "size" : 565
    }, {
      "uid" : "4b22550abb9a5afc",
      "name" : "HTTP/1.1 200 OK",
      "source" : "4b22550abb9a5afc.html",
      "type" : "text/html",
      "size" : 22169
    } ],
    "parameters" : [ ],
    "hasContent" : true,
    "stepsCount" : 0,
    "attachmentsCount" : 2,
    "shouldDisplayMessage" : true
  },
  "afterStages" : [ ],
  "labels" : [ {
    "name" : "package",
    "value" : "spotify_browseFeaturedPlaylists"
  }, {
    "name" : "testClass",
    "value" : "spotify_browseFeaturedPlaylists.Spotify_browseFeaturedPlaylists_1646637616576"
  }, {
    "name" : "testMethod",
    "value" : "test_1hv2rlzq81s8i_browseFeaturedPlaylists"
  }, {
    "name" : "suite",
    "value" : "spotify_browseFeaturedPlaylists.Spotify_browseFeaturedPlaylists_1646637616576"
  }, {
    "name" : "host",
    "value" : "Avisheks-MacBook-Pro.local"
  }, {
    "name" : "thread",
    "value" : "22892@Avisheks-MacBook-Pro.local.main(1)"
  }, {
    "name" : "framework",
    "value" : "junit4"
  }, {
    "name" : "language",
    "value" : "java"
  }, {
    "name" : "resultFormat",
    "value" : "allure2"
  } ],
  "parameters" : [ ],
  "links" : [ ],
  "hidden" : false,
  "retry" : false,
  "extra" : {
    "severity" : "normal",
    "retries" : [ ],
    "categories" : [ {
      "name" : "SEVERITY 1: Disconformity with OAS",
      "messageRegex" : "OAS disconformity.*",
      "matchedStatuses" : [ "failed" ],
      "flaky" : false
    } ],
    "tags" : [ ]
  },
  "source" : "3615a6d8c217cabe.json",
  "parameterValues" : [ ]
}