{
  "uid" : "31a2269e6baca80b",
  "name" : "test_qxqldpp7xy03_GetAlbums",
  "fullName" : "spotify_getAlbums.Spotify_getAlbums_1646636729798.test_qxqldpp7xy03_GetAlbums",
  "historyId" : "60c0967e22e39022831c27b467169e81",
  "time" : {
    "start" : 1646636741569,
    "stop" : 1646636741709,
    "duration" : 140
  },
  "status" : "failed",
  "statusMessage" : "OAS disconformity: [Path '/albums/[item]'] Object instance has properties which are not allowed by the schema: [\"label\";\"total_tracks\"] --- [Path '/albums/[item]/tracks/items/[item]'] Object instance has properties which are not allowed by the schema: [\"is_local\"] --- [Path '/albums/[item]/tracks/items/[item]/preview_url'] Instance type (null) does not match any allowed primitive type (allowed: [\"string\"]) --- [Path '/albums/[item]/tracks/next'] Instance type (null) does not match any allowed primitive type (allowed: [\"string\"]) --- [Path '/albums/[item]/tracks/previous'] Instance type (null) does not match any allowed primitive type (allowed: [\"string\"])",
  "statusTrace" : "java.lang.AssertionError: OAS disconformity: [Path '/albums/[item]'] Object instance has properties which are not allowed by the schema: [\"label\";\"total_tracks\"] --- [Path '/albums/[item]/tracks/items/[item]'] Object instance has properties which are not allowed by the schema: [\"is_local\"] --- [Path '/albums/[item]/tracks/items/[item]/preview_url'] Instance type (null) does not match any allowed primitive type (allowed: [\"string\"]) --- [Path '/albums/[item]/tracks/next'] Instance type (null) does not match any allowed primitive type (allowed: [\"string\"]) --- [Path '/albums/[item]/tracks/previous'] Instance type (null) does not match any allowed primitive type (allowed: [\"string\"])\n\tat org.junit.Assert.fail(Assert.java:89)\n\tat spotify_getAlbums.Spotify_getAlbums_1646636729798.test_qxqldpp7xy03_GetAlbums(Spotify_getAlbums_1646636729798.java:2269)\n\tat java.base/jdk.internal.reflect.NativeMethodAccessorImpl.invoke0(Native Method)\n\tat java.base/jdk.internal.reflect.NativeMethodAccessorImpl.invoke(NativeMethodAccessorImpl.java:77)\n\tat java.base/jdk.internal.reflect.DelegatingMethodAccessorImpl.invoke(DelegatingMethodAccessorImpl.java:43)\n\tat java.base/java.lang.reflect.Method.invoke(Method.java:568)\n\tat org.junit.runners.model.FrameworkMethod$1.runReflectiveCall(FrameworkMethod.java:59)\n\tat org.junit.internal.runners.model.ReflectiveCallable.run(ReflectiveCallable.java:12)\n\tat org.junit.runners.model.FrameworkMethod.invokeExplosively(FrameworkMethod.java:56)\n\tat org.junit.internal.runners.statements.InvokeMethod.evaluate(InvokeMethod.java:17)\n\tat org.junit.runners.ParentRunner$3.evaluate(ParentRunner.java:306)\n\tat org.junit.runners.BlockJUnit4ClassRunner$1.evaluate(BlockJUnit4ClassRunner.java:100)\n\tat org.junit.runners.ParentRunner.runLeaf(ParentRunner.java:366)\n\tat org.junit.runners.BlockJUnit4ClassRunner.runChild(BlockJUnit4ClassRunner.java:103)\n\tat org.junit.runners.BlockJUnit4ClassRunner.runChild(BlockJUnit4ClassRunner.java:63)\n\tat org.junit.runners.ParentRunner$4.run(ParentRunner.java:331)\n\tat org.junit.runners.ParentRunner$1.schedule(ParentRunner.java:79)\n\tat org.junit.runners.ParentRunner.runChildren(ParentRunner.java:329)\n\tat org.junit.runners.ParentRunner.access$100(ParentRunner.java:66)\n\tat org.junit.runners.ParentRunner$2.evaluate(ParentRunner.java:293)\n\tat org.junit.internal.runners.statements.RunBefores.evaluate(RunBefores.java:26)\n\tat org.junit.runners.ParentRunner$3.evaluate(ParentRunner.java:306)\n\tat org.junit.runners.ParentRunner.run(ParentRunner.java:413)\n\tat org.junit.runners.Suite.runChild(Suite.java:128)\n\tat org.junit.runners.Suite.runChild(Suite.java:27)\n\tat org.junit.runners.ParentRunner$4.run(ParentRunner.java:331)\n\tat org.junit.runners.ParentRunner$1.schedule(ParentRunner.java:79)\n\tat org.junit.runners.ParentRunner.runChildren(ParentRunner.java:329)\n\tat org.junit.runners.ParentRunner.access$100(ParentRunner.java:66)\n\tat org.junit.runners.ParentRunner$2.evaluate(ParentRunner.java:293)\n\tat org.junit.runners.ParentRunner$3.evaluate(ParentRunner.java:306)\n\tat org.junit.runners.ParentRunner.run(ParentRunner.java:413)\n\tat org.junit.runner.JUnitCore.run(JUnitCore.java:137)\n\tat org.junit.runner.JUnitCore.run(JUnitCore.java:115)\n\tat org.junit.runner.JUnitCore.run(JUnitCore.java:105)\n\tat org.junit.runner.JUnitCore.run(JUnitCore.java:94)\n\tat es.us.isa.restest.runners.RESTestRunner.testExecution(RESTestRunner.java:127)\n\tat es.us.isa.restest.runners.RESTestRunner.run(RESTestRunner.java:72)\n\tat es.us.isa.restest.main.TestGenerationAndExecution.main(TestGenerationAndExecution.java:148)\n",
  "flaky" : false,
  "newFailed" : false,
  "beforeStages" : [ ],
  "testStage" : {
    "status" : "failed",
    "statusMessage" : "OAS disconformity: [Path '/albums/[item]'] Object instance has properties which are not allowed by the schema: [\"label\";\"total_tracks\"] --- [Path '/albums/[item]/tracks/items/[item]'] Object instance has properties which are not allowed by the schema: [\"is_local\"] --- [Path '/albums/[item]/tracks/items/[item]/preview_url'] Instance type (null) does not match any allowed primitive type (allowed: [\"string\"]) --- [Path '/albums/[item]/tracks/next'] Instance type (null) does not match any allowed primitive type (allowed: [\"string\"]) --- [Path '/albums/[item]/tracks/previous'] Instance type (null) does not match any allowed primitive type (allowed: [\"string\"])",
    "statusTrace" : "java.lang.AssertionError: OAS disconformity: [Path '/albums/[item]'] Object instance has properties which are not allowed by the schema: [\"label\";\"total_tracks\"] --- [Path '/albums/[item]/tracks/items/[item]'] Object instance has properties which are not allowed by the schema: [\"is_local\"] --- [Path '/albums/[item]/tracks/items/[item]/preview_url'] Instance type (null) does not match any allowed primitive type (allowed: [\"string\"]) --- [Path '/albums/[item]/tracks/next'] Instance type (null) does not match any allowed primitive type (allowed: [\"string\"]) --- [Path '/albums/[item]/tracks/previous'] Instance type (null) does not match any allowed primitive type (allowed: [\"string\"])\n\tat org.junit.Assert.fail(Assert.java:89)\n\tat spotify_getAlbums.Spotify_getAlbums_1646636729798.test_qxqldpp7xy03_GetAlbums(Spotify_getAlbums_1646636729798.java:2269)\n\tat java.base/jdk.internal.reflect.NativeMethodAccessorImpl.invoke0(Native Method)\n\tat java.base/jdk.internal.reflect.NativeMethodAccessorImpl.invoke(NativeMethodAccessorImpl.java:77)\n\tat java.base/jdk.internal.reflect.DelegatingMethodAccessorImpl.invoke(DelegatingMethodAccessorImpl.java:43)\n\tat java.base/java.lang.reflect.Method.invoke(Method.java:568)\n\tat org.junit.runners.model.FrameworkMethod$1.runReflectiveCall(FrameworkMethod.java:59)\n\tat org.junit.internal.runners.model.ReflectiveCallable.run(ReflectiveCallable.java:12)\n\tat org.junit.runners.model.FrameworkMethod.invokeExplosively(FrameworkMethod.java:56)\n\tat org.junit.internal.runners.statements.InvokeMethod.evaluate(InvokeMethod.java:17)\n\tat org.junit.runners.ParentRunner$3.evaluate(ParentRunner.java:306)\n\tat org.junit.runners.BlockJUnit4ClassRunner$1.evaluate(BlockJUnit4ClassRunner.java:100)\n\tat org.junit.runners.ParentRunner.runLeaf(ParentRunner.java:366)\n\tat org.junit.runners.BlockJUnit4ClassRunner.runChild(BlockJUnit4ClassRunner.java:103)\n\tat org.junit.runners.BlockJUnit4ClassRunner.runChild(BlockJUnit4ClassRunner.java:63)\n\tat org.junit.runners.ParentRunner$4.run(ParentRunner.java:331)\n\tat org.junit.runners.ParentRunner$1.schedule(ParentRunner.java:79)\n\tat org.junit.runners.ParentRunner.runChildren(ParentRunner.java:329)\n\tat org.junit.runners.ParentRunner.access$100(ParentRunner.java:66)\n\tat org.junit.runners.ParentRunner$2.evaluate(ParentRunner.java:293)\n\tat org.junit.internal.runners.statements.RunBefores.evaluate(RunBefores.java:26)\n\tat org.junit.runners.ParentRunner$3.evaluate(ParentRunner.java:306)\n\tat org.junit.runners.ParentRunner.run(ParentRunner.java:413)\n\tat org.junit.runners.Suite.runChild(Suite.java:128)\n\tat org.junit.runners.Suite.runChild(Suite.java:27)\n\tat org.junit.runners.ParentRunner$4.run(ParentRunner.java:331)\n\tat org.junit.runners.ParentRunner$1.schedule(ParentRunner.java:79)\n\tat org.junit.runners.ParentRunner.runChildren(ParentRunner.java:329)\n\tat org.junit.runners.ParentRunner.access$100(ParentRunner.java:66)\n\tat org.junit.runners.ParentRunner$2.evaluate(ParentRunner.java:293)\n\tat org.junit.runners.ParentRunner$3.evaluate(ParentRunner.java:306)\n\tat org.junit.runners.ParentRunner.run(ParentRunner.java:413)\n\tat org.junit.runner.JUnitCore.run(JUnitCore.java:137)\n\tat org.junit.runner.JUnitCore.run(JUnitCore.java:115)\n\tat org.junit.runner.JUnitCore.run(JUnitCore.java:105)\n\tat org.junit.runner.JUnitCore.run(JUnitCore.java:94)\n\tat es.us.isa.restest.runners.RESTestRunner.testExecution(RESTestRunner.java:127)\n\tat es.us.isa.restest.runners.RESTestRunner.run(RESTestRunner.java:72)\n\tat es.us.isa.restest.main.TestGenerationAndExecution.main(TestGenerationAndExecution.java:148)\n",
    "steps" : [ ],
    "attachments" : [ {
      "uid" : "5769ca72ce674fae",
      "name" : "Request",
      "source" : "5769ca72ce674fae.html",
      "type" : "text/html",
      "size" : 605
    }, {
      "uid" : "bf1044af76d6bb65",
      "name" : "HTTP/1.1 200 OK",
      "source" : "bf1044af76d6bb65.html",
      "type" : "text/html",
      "size" : 39204
    } ],
    "parameters" : [ ],
    "stepsCount" : 0,
    "attachmentsCount" : 2,
    "shouldDisplayMessage" : true,
    "hasContent" : true
  },
  "afterStages" : [ ],
  "labels" : [ {
    "name" : "package",
    "value" : "spotify_getAlbums"
  }, {
    "name" : "testClass",
    "value" : "spotify_getAlbums.Spotify_getAlbums_1646636729798"
  }, {
    "name" : "testMethod",
    "value" : "test_qxqldpp7xy03_GetAlbums"
  }, {
    "name" : "suite",
    "value" : "spotify_getAlbums.Spotify_getAlbums_1646636729798"
  }, {
    "name" : "host",
    "value" : "Avisheks-MacBook-Pro.local"
  }, {
    "name" : "thread",
    "value" : "22668@Avisheks-MacBook-Pro.local.main(1)"
  }, {
    "name" : "framework",
    "value" : "junit4"
  }, {
    "name" : "language",
    "value" : "java"
  }, {
    "name" : "resultFormat",
    "value" : "allure2"
  } ],
  "parameters" : [ ],
  "links" : [ ],
  "hidden" : false,
  "retry" : false,
  "extra" : {
    "severity" : "normal",
    "retries" : [ ],
    "categories" : [ {
      "name" : "SEVERITY 1: Disconformity with OAS",
      "messageRegex" : "OAS disconformity.*",
      "matchedStatuses" : [ "failed" ],
      "flaky" : false
    } ],
    "tags" : [ ]
  },
  "source" : "31a2269e6baca80b.json",
  "parameterValues" : [ ]
}